2020-12-28 14:09:21,607 INFO 94659 [Timer] /Users/fuhl/fuhaoliang/egg/egg-example/node_modules/egg-multipart/app/schedule/clean_tmpdir.js next time will execute after 51638396ms at 2020-12-29 04:30:00.003
2020-12-28 14:09:21,607 INFO 94659 [Timer] /Users/fuhl/fuhaoliang/egg/egg-example/node_modules/egg-logrotator/app/schedule/clean_log.js next time will execute after 35438393ms at 2020-12-29 00:00:00.000
2020-12-28 14:09:21,608 INFO 94659 [Timer] /Users/fuhl/fuhaoliang/egg/egg-example/node_modules/egg-logrotator/app/schedule/rotate_by_file.js next time will execute after 35439393ms at 2020-12-29 00:00:01.001
2020-12-28 14:09:21,525 INFO 94660 [egg-schedule]: register schedule /Users/fuhl/fuhaoliang/egg/egg-example/node_modules/egg-multipart/app/schedule/clean_tmpdir.js
2020-12-28 14:09:21,525 INFO 94660 [egg-schedule]: register schedule /Users/fuhl/fuhaoliang/egg/egg-example/node_modules/egg-logrotator/app/schedule/clean_log.js
2020-12-28 14:09:21,525 INFO 94660 [egg-schedule]: register schedule /Users/fuhl/fuhaoliang/egg/egg-example/node_modules/egg-logrotator/app/schedule/rotate_by_file.js
2020-12-28 14:19:27,206 INFO 95471 [Timer] /Users/fuhl/fuhaoliang/egg/egg-example/node_modules/egg-multipart/app/schedule/clean_tmpdir.js next time will execute after 51032796ms at 2020-12-29 04:30:00.002
2020-12-28 14:19:27,207 INFO 95471 [Timer] /Users/fuhl/fuhaoliang/egg/egg-example/node_modules/egg-logrotator/app/schedule/clean_log.js next time will execute after 34832794ms at 2020-12-29 00:00:00.001
2020-12-28 14:19:27,207 INFO 95471 [Timer] /Users/fuhl/fuhaoliang/egg/egg-example/node_modules/egg-logrotator/app/schedule/rotate_by_file.js next time will execute after 34833793ms at 2020-12-29 00:00:01.000
2020-12-28 14:19:26,970 INFO 95472 [egg-schedule]: register schedule /Users/fuhl/fuhaoliang/egg/egg-example/node_modules/egg-multipart/app/schedule/clean_tmpdir.js
2020-12-28 14:19:26,970 INFO 95472 [egg-schedule]: register schedule /Users/fuhl/fuhaoliang/egg/egg-example/node_modules/egg-logrotator/app/schedule/clean_log.js
2020-12-28 14:19:26,970 INFO 95472 [egg-schedule]: register schedule /Users/fuhl/fuhaoliang/egg/egg-example/node_modules/egg-logrotator/app/schedule/rotate_by_file.js
2020-12-28 14:20:52,333 INFO 95541 [egg-schedule]: register schedule /Users/fuhl/fuhaoliang/egg/egg-example/node_modules/egg-multipart/app/schedule/clean_tmpdir.js
2020-12-28 14:20:52,333 INFO 95541 [egg-schedule]: register schedule /Users/fuhl/fuhaoliang/egg/egg-example/node_modules/egg-logrotator/app/schedule/clean_log.js
2020-12-28 14:20:52,333 INFO 95541 [egg-schedule]: register schedule /Users/fuhl/fuhaoliang/egg/egg-example/node_modules/egg-logrotator/app/schedule/rotate_by_file.js
2020-12-28 14:22:03,339 INFO 95592 [Timer] /Users/fuhl/fuhaoliang/egg/egg-example/node_modules/egg-multipart/app/schedule/clean_tmpdir.js next time will execute after 50876663ms at 2020-12-29 04:30:00.002
2020-12-28 14:22:03,340 INFO 95592 [Timer] /Users/fuhl/fuhaoliang/egg/egg-example/node_modules/egg-logrotator/app/schedule/clean_log.js next time will execute after 34676661ms at 2020-12-29 00:00:00.001
2020-12-28 14:22:03,340 INFO 95592 [Timer] /Users/fuhl/fuhaoliang/egg/egg-example/node_modules/egg-logrotator/app/schedule/rotate_by_file.js next time will execute after 34677660ms at 2020-12-29 00:00:01.000
2020-12-28 14:22:03,214 INFO 95593 [egg-schedule]: register schedule /Users/fuhl/fuhaoliang/egg/egg-example/node_modules/egg-multipart/app/schedule/clean_tmpdir.js
2020-12-28 14:22:03,214 INFO 95593 [egg-schedule]: register schedule /Users/fuhl/fuhaoliang/egg/egg-example/node_modules/egg-logrotator/app/schedule/clean_log.js
2020-12-28 14:22:03,214 INFO 95593 [egg-schedule]: register schedule /Users/fuhl/fuhaoliang/egg/egg-example/node_modules/egg-logrotator/app/schedule/rotate_by_file.js
2020-12-28 14:22:59,721 INFO 95612 [egg-schedule]: register schedule /Users/fuhl/fuhaoliang/egg/egg-example/node_modules/egg-multipart/app/schedule/clean_tmpdir.js
2020-12-28 14:22:59,721 INFO 95612 [egg-schedule]: register schedule /Users/fuhl/fuhaoliang/egg/egg-example/node_modules/egg-logrotator/app/schedule/clean_log.js
2020-12-28 14:22:59,721 INFO 95612 [egg-schedule]: register schedule /Users/fuhl/fuhaoliang/egg/egg-example/node_modules/egg-logrotator/app/schedule/rotate_by_file.js
2020-12-28 14:23:07,533 INFO 95628 [egg-schedule]: register schedule /Users/fuhl/fuhaoliang/egg/egg-example/node_modules/egg-multipart/app/schedule/clean_tmpdir.js
2020-12-28 14:23:07,533 INFO 95628 [egg-schedule]: register schedule /Users/fuhl/fuhaoliang/egg/egg-example/node_modules/egg-logrotator/app/schedule/clean_log.js
2020-12-28 14:23:07,533 INFO 95628 [egg-schedule]: register schedule /Users/fuhl/fuhaoliang/egg/egg-example/node_modules/egg-logrotator/app/schedule/rotate_by_file.js
2020-12-28 14:23:55,245 INFO 95652 [egg-schedule]: register schedule /Users/fuhl/fuhaoliang/egg/egg-example/node_modules/egg-multipart/app/schedule/clean_tmpdir.js
2020-12-28 14:23:55,245 INFO 95652 [egg-schedule]: register schedule /Users/fuhl/fuhaoliang/egg/egg-example/node_modules/egg-logrotator/app/schedule/clean_log.js
2020-12-28 14:23:55,245 INFO 95652 [egg-schedule]: register schedule /Users/fuhl/fuhaoliang/egg/egg-example/node_modules/egg-logrotator/app/schedule/rotate_by_file.js
2020-12-28 14:24:01,339 INFO 95665 [egg-schedule]: register schedule /Users/fuhl/fuhaoliang/egg/egg-example/node_modules/egg-multipart/app/schedule/clean_tmpdir.js
2020-12-28 14:24:01,339 INFO 95665 [egg-schedule]: register schedule /Users/fuhl/fuhaoliang/egg/egg-example/node_modules/egg-logrotator/app/schedule/clean_log.js
2020-12-28 14:24:01,339 INFO 95665 [egg-schedule]: register schedule /Users/fuhl/fuhaoliang/egg/egg-example/node_modules/egg-logrotator/app/schedule/rotate_by_file.js
2020-12-28 14:24:08,082 INFO 95677 [Timer] /Users/fuhl/fuhaoliang/egg/egg-example/node_modules/egg-multipart/app/schedule/clean_tmpdir.js next time will execute after 50751920ms at 2020-12-29 04:30:00.002
2020-12-28 14:24:08,082 INFO 95677 [Timer] /Users/fuhl/fuhaoliang/egg/egg-example/node_modules/egg-logrotator/app/schedule/clean_log.js next time will execute after 34551918ms at 2020-12-29 00:00:00.000
2020-12-28 14:24:08,082 INFO 95677 [Timer] /Users/fuhl/fuhaoliang/egg/egg-example/node_modules/egg-logrotator/app/schedule/rotate_by_file.js next time will execute after 34552918ms at 2020-12-29 00:00:01.000
2020-12-28 14:24:08,013 INFO 95680 [egg-schedule]: register schedule /Users/fuhl/fuhaoliang/egg/egg-example/node_modules/egg-multipart/app/schedule/clean_tmpdir.js
2020-12-28 14:24:08,013 INFO 95680 [egg-schedule]: register schedule /Users/fuhl/fuhaoliang/egg/egg-example/node_modules/egg-logrotator/app/schedule/clean_log.js
2020-12-28 14:24:08,013 INFO 95680 [egg-schedule]: register schedule /Users/fuhl/fuhaoliang/egg/egg-example/node_modules/egg-logrotator/app/schedule/rotate_by_file.js
2020-12-28 14:26:06,332 INFO 95727 [egg-schedule]: register schedule /Users/fuhl/fuhaoliang/egg/egg-example/node_modules/egg-multipart/app/schedule/clean_tmpdir.js
2020-12-28 14:26:06,332 INFO 95727 [egg-schedule]: register schedule /Users/fuhl/fuhaoliang/egg/egg-example/node_modules/egg-logrotator/app/schedule/clean_log.js
2020-12-28 14:26:06,332 INFO 95727 [egg-schedule]: register schedule /Users/fuhl/fuhaoliang/egg/egg-example/node_modules/egg-logrotator/app/schedule/rotate_by_file.js
2020-12-28 14:26:07,532 INFO 95733 [egg-schedule]: register schedule /Users/fuhl/fuhaoliang/egg/egg-example/node_modules/egg-multipart/app/schedule/clean_tmpdir.js
2020-12-28 14:26:07,532 INFO 95733 [egg-schedule]: register schedule /Users/fuhl/fuhaoliang/egg/egg-example/node_modules/egg-logrotator/app/schedule/clean_log.js
2020-12-28 14:26:07,532 INFO 95733 [egg-schedule]: register schedule /Users/fuhl/fuhaoliang/egg/egg-example/node_modules/egg-logrotator/app/schedule/rotate_by_file.js
2020-12-28 14:27:31,377 INFO 95767 [egg-schedule]: register schedule /Users/fuhl/fuhaoliang/egg/egg-example/node_modules/egg-multipart/app/schedule/clean_tmpdir.js
2020-12-28 14:27:31,377 INFO 95767 [egg-schedule]: register schedule /Users/fuhl/fuhaoliang/egg/egg-example/node_modules/egg-logrotator/app/schedule/clean_log.js
2020-12-28 14:27:31,377 INFO 95767 [egg-schedule]: register schedule /Users/fuhl/fuhaoliang/egg/egg-example/node_modules/egg-logrotator/app/schedule/rotate_by_file.js
2020-12-28 14:27:31,814 INFO 95768 [egg-schedule]: register schedule /Users/fuhl/fuhaoliang/egg/egg-example/node_modules/egg-multipart/app/schedule/clean_tmpdir.js
2020-12-28 14:27:31,814 INFO 95768 [egg-schedule]: register schedule /Users/fuhl/fuhaoliang/egg/egg-example/node_modules/egg-logrotator/app/schedule/clean_log.js
2020-12-28 14:27:31,814 INFO 95768 [egg-schedule]: register schedule /Users/fuhl/fuhaoliang/egg/egg-example/node_modules/egg-logrotator/app/schedule/rotate_by_file.js
2020-12-28 14:27:36,088 INFO 95782 [Timer] /Users/fuhl/fuhaoliang/egg/egg-example/node_modules/egg-multipart/app/schedule/clean_tmpdir.js next time will execute after 50543914ms at 2020-12-29 04:30:00.002
2020-12-28 14:27:36,088 INFO 95782 [Timer] /Users/fuhl/fuhaoliang/egg/egg-example/node_modules/egg-logrotator/app/schedule/clean_log.js next time will execute after 34343912ms at 2020-12-29 00:00:00.000
2020-12-28 14:27:36,089 INFO 95782 [Timer] /Users/fuhl/fuhaoliang/egg/egg-example/node_modules/egg-logrotator/app/schedule/rotate_by_file.js next time will execute after 34344912ms at 2020-12-29 00:00:01.001
2020-12-28 14:27:36,025 INFO 95783 [egg-schedule]: register schedule /Users/fuhl/fuhaoliang/egg/egg-example/node_modules/egg-multipart/app/schedule/clean_tmpdir.js
2020-12-28 14:27:36,025 INFO 95783 [egg-schedule]: register schedule /Users/fuhl/fuhaoliang/egg/egg-example/node_modules/egg-logrotator/app/schedule/clean_log.js
2020-12-28 14:27:36,025 INFO 95783 [egg-schedule]: register schedule /Users/fuhl/fuhaoliang/egg/egg-example/node_modules/egg-logrotator/app/schedule/rotate_by_file.js
2020-12-28 14:28:47,733 INFO 95839 [Timer] /Users/fuhl/fuhaoliang/egg/egg-example/node_modules/egg-multipart/app/schedule/clean_tmpdir.js next time will execute after 50472269ms at 2020-12-29 04:30:00.002
2020-12-28 14:28:47,733 INFO 95839 [Timer] /Users/fuhl/fuhaoliang/egg/egg-example/node_modules/egg-logrotator/app/schedule/clean_log.js next time will execute after 34272267ms at 2020-12-29 00:00:00.000
2020-12-28 14:28:47,733 INFO 95839 [Timer] /Users/fuhl/fuhaoliang/egg/egg-example/node_modules/egg-logrotator/app/schedule/rotate_by_file.js next time will execute after 34273267ms at 2020-12-29 00:00:01.000
2020-12-28 14:28:47,620 INFO 95840 [egg-schedule]: register schedule /Users/fuhl/fuhaoliang/egg/egg-example/node_modules/egg-multipart/app/schedule/clean_tmpdir.js
2020-12-28 14:28:47,620 INFO 95840 [egg-schedule]: register schedule /Users/fuhl/fuhaoliang/egg/egg-example/node_modules/egg-logrotator/app/schedule/clean_log.js
2020-12-28 14:28:47,620 INFO 95840 [egg-schedule]: register schedule /Users/fuhl/fuhaoliang/egg/egg-example/node_modules/egg-logrotator/app/schedule/rotate_by_file.js
2020-12-28 14:30:32,116 INFO 95894 [egg-schedule]: register schedule /Users/fuhl/fuhaoliang/egg/egg-example/node_modules/egg-multipart/app/schedule/clean_tmpdir.js
2020-12-28 14:30:32,116 INFO 95894 [egg-schedule]: register schedule /Users/fuhl/fuhaoliang/egg/egg-example/node_modules/egg-logrotator/app/schedule/clean_log.js
2020-12-28 14:30:32,116 INFO 95894 [egg-schedule]: register schedule /Users/fuhl/fuhaoliang/egg/egg-example/node_modules/egg-logrotator/app/schedule/rotate_by_file.js
2020-12-28 14:32:05,764 INFO 96035 [egg-schedule]: register schedule /Users/fuhl/fuhaoliang/egg/egg-example/node_modules/egg-multipart/app/schedule/clean_tmpdir.js
2020-12-28 14:32:05,764 INFO 96035 [egg-schedule]: register schedule /Users/fuhl/fuhaoliang/egg/egg-example/node_modules/egg-logrotator/app/schedule/clean_log.js
2020-12-28 14:32:05,764 INFO 96035 [egg-schedule]: register schedule /Users/fuhl/fuhaoliang/egg/egg-example/node_modules/egg-logrotator/app/schedule/rotate_by_file.js
2020-12-28 14:32:06,200 INFO 96036 [egg-schedule]: register schedule /Users/fuhl/fuhaoliang/egg/egg-example/node_modules/egg-multipart/app/schedule/clean_tmpdir.js
2020-12-28 14:32:06,200 INFO 96036 [egg-schedule]: register schedule /Users/fuhl/fuhaoliang/egg/egg-example/node_modules/egg-logrotator/app/schedule/clean_log.js
2020-12-28 14:32:06,200 INFO 96036 [egg-schedule]: register schedule /Users/fuhl/fuhaoliang/egg/egg-example/node_modules/egg-logrotator/app/schedule/rotate_by_file.js
2020-12-28 14:33:14,586 INFO 96121 [egg-schedule]: register schedule /Users/fuhl/fuhaoliang/egg/egg-example/node_modules/egg-multipart/app/schedule/clean_tmpdir.js
2020-12-28 14:33:14,586 INFO 96121 [egg-schedule]: register schedule /Users/fuhl/fuhaoliang/egg/egg-example/node_modules/egg-logrotator/app/schedule/clean_log.js
2020-12-28 14:33:14,586 INFO 96121 [egg-schedule]: register schedule /Users/fuhl/fuhaoliang/egg/egg-example/node_modules/egg-logrotator/app/schedule/rotate_by_file.js
2020-12-28 14:35:11,219 INFO 96311 [egg-schedule]: register schedule /Users/fuhl/fuhaoliang/egg/egg-example/node_modules/egg-multipart/app/schedule/clean_tmpdir.js
2020-12-28 14:35:11,219 INFO 96311 [egg-schedule]: register schedule /Users/fuhl/fuhaoliang/egg/egg-example/node_modules/egg-logrotator/app/schedule/clean_log.js
2020-12-28 14:35:11,219 INFO 96311 [egg-schedule]: register schedule /Users/fuhl/fuhaoliang/egg/egg-example/node_modules/egg-logrotator/app/schedule/rotate_by_file.js
2020-12-28 14:35:40,571 INFO 96342 [egg-schedule]: register schedule /Users/fuhl/fuhaoliang/egg/egg-example/node_modules/egg-multipart/app/schedule/clean_tmpdir.js
2020-12-28 14:35:40,571 INFO 96342 [egg-schedule]: register schedule /Users/fuhl/fuhaoliang/egg/egg-example/node_modules/egg-logrotator/app/schedule/clean_log.js
2020-12-28 14:35:40,571 INFO 96342 [egg-schedule]: register schedule /Users/fuhl/fuhaoliang/egg/egg-example/node_modules/egg-logrotator/app/schedule/rotate_by_file.js
2020-12-28 14:37:01,906 INFO 96432 [egg-schedule]: register schedule /Users/fuhl/fuhaoliang/egg/egg-example/node_modules/egg-multipart/app/schedule/clean_tmpdir.js
2020-12-28 14:37:01,907 INFO 96432 [egg-schedule]: register schedule /Users/fuhl/fuhaoliang/egg/egg-example/node_modules/egg-logrotator/app/schedule/clean_log.js
2020-12-28 14:37:01,907 INFO 96432 [egg-schedule]: register schedule /Users/fuhl/fuhaoliang/egg/egg-example/node_modules/egg-logrotator/app/schedule/rotate_by_file.js
2020-12-28 14:37:05,978 INFO 96443 [egg-schedule]: register schedule /Users/fuhl/fuhaoliang/egg/egg-example/node_modules/egg-multipart/app/schedule/clean_tmpdir.js
2020-12-28 14:37:05,978 INFO 96443 [egg-schedule]: register schedule /Users/fuhl/fuhaoliang/egg/egg-example/node_modules/egg-logrotator/app/schedule/clean_log.js
2020-12-28 14:37:05,978 INFO 96443 [egg-schedule]: register schedule /Users/fuhl/fuhaoliang/egg/egg-example/node_modules/egg-logrotator/app/schedule/rotate_by_file.js
2020-12-28 14:37:39,113 INFO 96492 [Timer] /Users/fuhl/fuhaoliang/egg/egg-example/node_modules/egg-multipart/app/schedule/clean_tmpdir.js next time will execute after 49940889ms at 2020-12-29 04:30:00.002
2020-12-28 14:37:39,113 INFO 96492 [Timer] /Users/fuhl/fuhaoliang/egg/egg-example/node_modules/egg-logrotator/app/schedule/clean_log.js next time will execute after 33740887ms at 2020-12-29 00:00:00.000
2020-12-28 14:37:39,113 INFO 96492 [Timer] /Users/fuhl/fuhaoliang/egg/egg-example/node_modules/egg-logrotator/app/schedule/rotate_by_file.js next time will execute after 33741887ms at 2020-12-29 00:00:01.000
2020-12-28 14:37:39,046 INFO 96493 [egg-schedule]: register schedule /Users/fuhl/fuhaoliang/egg/egg-example/node_modules/egg-multipart/app/schedule/clean_tmpdir.js
2020-12-28 14:37:39,046 INFO 96493 [egg-schedule]: register schedule /Users/fuhl/fuhaoliang/egg/egg-example/node_modules/egg-logrotator/app/schedule/clean_log.js
2020-12-28 14:37:39,046 INFO 96493 [egg-schedule]: register schedule /Users/fuhl/fuhaoliang/egg/egg-example/node_modules/egg-logrotator/app/schedule/rotate_by_file.js
2020-12-28 14:39:28,311 INFO 96563 [Timer] /Users/fuhl/fuhaoliang/egg/egg-example/node_modules/egg-multipart/app/schedule/clean_tmpdir.js next time will execute after 49831691ms at 2020-12-29 04:30:00.002
2020-12-28 14:39:28,311 INFO 96563 [Timer] /Users/fuhl/fuhaoliang/egg/egg-example/node_modules/egg-logrotator/app/schedule/clean_log.js next time will execute after 33631689ms at 2020-12-29 00:00:00.000
2020-12-28 14:39:28,312 INFO 96563 [Timer] /Users/fuhl/fuhaoliang/egg/egg-example/node_modules/egg-logrotator/app/schedule/rotate_by_file.js next time will execute after 33632689ms at 2020-12-29 00:00:01.001
2020-12-28 14:39:28,188 INFO 96564 [egg-schedule]: register schedule /Users/fuhl/fuhaoliang/egg/egg-example/node_modules/egg-multipart/app/schedule/clean_tmpdir.js
2020-12-28 14:39:28,188 INFO 96564 [egg-schedule]: register schedule /Users/fuhl/fuhaoliang/egg/egg-example/node_modules/egg-logrotator/app/schedule/clean_log.js
2020-12-28 14:39:28,188 INFO 96564 [egg-schedule]: register schedule /Users/fuhl/fuhaoliang/egg/egg-example/node_modules/egg-logrotator/app/schedule/rotate_by_file.js
2020-12-28 14:39:44,655 INFO 96587 [egg-schedule]: register schedule /Users/fuhl/fuhaoliang/egg/egg-example/node_modules/egg-multipart/app/schedule/clean_tmpdir.js
2020-12-28 14:39:44,655 INFO 96587 [egg-schedule]: register schedule /Users/fuhl/fuhaoliang/egg/egg-example/node_modules/egg-logrotator/app/schedule/clean_log.js
2020-12-28 14:39:44,655 INFO 96587 [egg-schedule]: register schedule /Users/fuhl/fuhaoliang/egg/egg-example/node_modules/egg-logrotator/app/schedule/rotate_by_file.js
2020-12-28 14:39:45,147 INFO 96588 [egg-schedule]: register schedule /Users/fuhl/fuhaoliang/egg/egg-example/node_modules/egg-multipart/app/schedule/clean_tmpdir.js
2020-12-28 14:39:45,147 INFO 96588 [egg-schedule]: register schedule /Users/fuhl/fuhaoliang/egg/egg-example/node_modules/egg-logrotator/app/schedule/clean_log.js
2020-12-28 14:39:45,147 INFO 96588 [egg-schedule]: register schedule /Users/fuhl/fuhaoliang/egg/egg-example/node_modules/egg-logrotator/app/schedule/rotate_by_file.js
2020-12-28 14:40:08,921 INFO 96599 [egg-schedule]: register schedule /Users/fuhl/fuhaoliang/egg/egg-example/node_modules/egg-multipart/app/schedule/clean_tmpdir.js
2020-12-28 14:40:08,921 INFO 96599 [egg-schedule]: register schedule /Users/fuhl/fuhaoliang/egg/egg-example/node_modules/egg-logrotator/app/schedule/clean_log.js
2020-12-28 14:40:08,921 INFO 96599 [egg-schedule]: register schedule /Users/fuhl/fuhaoliang/egg/egg-example/node_modules/egg-logrotator/app/schedule/rotate_by_file.js
2020-12-28 14:40:45,058 INFO 96628 [egg-schedule]: register schedule /Users/fuhl/fuhaoliang/egg/egg-example/node_modules/egg-multipart/app/schedule/clean_tmpdir.js
2020-12-28 14:40:45,058 INFO 96628 [egg-schedule]: register schedule /Users/fuhl/fuhaoliang/egg/egg-example/node_modules/egg-logrotator/app/schedule/clean_log.js
2020-12-28 14:40:45,058 INFO 96628 [egg-schedule]: register schedule /Users/fuhl/fuhaoliang/egg/egg-example/node_modules/egg-logrotator/app/schedule/rotate_by_file.js
2020-12-28 16:27:34,178 INFO 97525 [egg-schedule]: register schedule /Users/fuhl/fuhaoliang/egg/egg-example/node_modules/egg-multipart/app/schedule/clean_tmpdir.js
2020-12-28 16:27:34,178 INFO 97525 [egg-schedule]: register schedule /Users/fuhl/fuhaoliang/egg/egg-example/node_modules/egg-logrotator/app/schedule/clean_log.js
2020-12-28 16:27:34,178 INFO 97525 [egg-schedule]: register schedule /Users/fuhl/fuhaoliang/egg/egg-example/node_modules/egg-logrotator/app/schedule/rotate_by_file.js
2020-12-28 16:28:07,627 INFO 97557 [egg-schedule]: register schedule /Users/fuhl/fuhaoliang/egg/egg-example/node_modules/egg-multipart/app/schedule/clean_tmpdir.js
2020-12-28 16:28:07,627 INFO 97557 [egg-schedule]: register schedule /Users/fuhl/fuhaoliang/egg/egg-example/node_modules/egg-logrotator/app/schedule/clean_log.js
2020-12-28 16:28:07,627 INFO 97557 [egg-schedule]: register schedule /Users/fuhl/fuhaoliang/egg/egg-example/node_modules/egg-logrotator/app/schedule/rotate_by_file.js
2020-12-28 16:28:17,905 INFO 97571 [egg-schedule]: register schedule /Users/fuhl/fuhaoliang/egg/egg-example/node_modules/egg-multipart/app/schedule/clean_tmpdir.js
2020-12-28 16:28:17,905 INFO 97571 [egg-schedule]: register schedule /Users/fuhl/fuhaoliang/egg/egg-example/node_modules/egg-logrotator/app/schedule/clean_log.js
2020-12-28 16:28:17,905 INFO 97571 [egg-schedule]: register schedule /Users/fuhl/fuhaoliang/egg/egg-example/node_modules/egg-logrotator/app/schedule/rotate_by_file.js
2020-12-28 16:28:53,759 INFO 97614 [Timer] /Users/fuhl/fuhaoliang/egg/egg-example/node_modules/egg-multipart/app/schedule/clean_tmpdir.js next time will execute after 43266243ms at 2020-12-29 04:30:00.002
2020-12-28 16:28:53,759 INFO 97614 [Timer] /Users/fuhl/fuhaoliang/egg/egg-example/node_modules/egg-logrotator/app/schedule/clean_log.js next time will execute after 27066241ms at 2020-12-29 00:00:00.000
2020-12-28 16:28:53,760 INFO 97614 [Timer] /Users/fuhl/fuhaoliang/egg/egg-example/node_modules/egg-logrotator/app/schedule/rotate_by_file.js next time will execute after 27067240ms at 2020-12-29 00:00:01.000
2020-12-28 16:28:53,630 INFO 97615 [egg-schedule]: register schedule /Users/fuhl/fuhaoliang/egg/egg-example/node_modules/egg-multipart/app/schedule/clean_tmpdir.js
2020-12-28 16:28:53,630 INFO 97615 [egg-schedule]: register schedule /Users/fuhl/fuhaoliang/egg/egg-example/node_modules/egg-logrotator/app/schedule/clean_log.js
2020-12-28 16:28:53,630 INFO 97615 [egg-schedule]: register schedule /Users/fuhl/fuhaoliang/egg/egg-example/node_modules/egg-logrotator/app/schedule/rotate_by_file.js
2020-12-28 16:29:20,157 INFO 97642 [egg-schedule]: register schedule /Users/fuhl/fuhaoliang/egg/egg-example/node_modules/egg-multipart/app/schedule/clean_tmpdir.js
2020-12-28 16:29:20,157 INFO 97642 [egg-schedule]: register schedule /Users/fuhl/fuhaoliang/egg/egg-example/node_modules/egg-logrotator/app/schedule/clean_log.js
2020-12-28 16:29:20,157 INFO 97642 [egg-schedule]: register schedule /Users/fuhl/fuhaoliang/egg/egg-example/node_modules/egg-logrotator/app/schedule/rotate_by_file.js
2020-12-28 16:29:52,358 INFO 97672 [egg-schedule]: register schedule /Users/fuhl/fuhaoliang/egg/egg-example/node_modules/egg-multipart/app/schedule/clean_tmpdir.js
2020-12-28 16:29:52,358 INFO 97672 [egg-schedule]: register schedule /Users/fuhl/fuhaoliang/egg/egg-example/node_modules/egg-logrotator/app/schedule/clean_log.js
2020-12-28 16:29:52,358 INFO 97672 [egg-schedule]: register schedule /Users/fuhl/fuhaoliang/egg/egg-example/node_modules/egg-logrotator/app/schedule/rotate_by_file.js
2020-12-28 16:30:24,805 INFO 97704 [egg-schedule]: register schedule /Users/fuhl/fuhaoliang/egg/egg-example/node_modules/egg-multipart/app/schedule/clean_tmpdir.js
2020-12-28 16:30:24,805 INFO 97704 [egg-schedule]: register schedule /Users/fuhl/fuhaoliang/egg/egg-example/node_modules/egg-logrotator/app/schedule/clean_log.js
2020-12-28 16:30:24,805 INFO 97704 [egg-schedule]: register schedule /Users/fuhl/fuhaoliang/egg/egg-example/node_modules/egg-logrotator/app/schedule/rotate_by_file.js
2020-12-28 16:30:41,117 INFO 97722 [egg-schedule]: register schedule /Users/fuhl/fuhaoliang/egg/egg-example/node_modules/egg-multipart/app/schedule/clean_tmpdir.js
2020-12-28 16:30:41,117 INFO 97722 [egg-schedule]: register schedule /Users/fuhl/fuhaoliang/egg/egg-example/node_modules/egg-logrotator/app/schedule/clean_log.js
2020-12-28 16:30:41,117 INFO 97722 [egg-schedule]: register schedule /Users/fuhl/fuhaoliang/egg/egg-example/node_modules/egg-logrotator/app/schedule/rotate_by_file.js
2020-12-28 16:31:01,356 INFO 97751 [egg-schedule]: register schedule /Users/fuhl/fuhaoliang/egg/egg-example/node_modules/egg-multipart/app/schedule/clean_tmpdir.js
2020-12-28 16:31:01,356 INFO 97751 [egg-schedule]: register schedule /Users/fuhl/fuhaoliang/egg/egg-example/node_modules/egg-logrotator/app/schedule/clean_log.js
2020-12-28 16:31:01,356 INFO 97751 [egg-schedule]: register schedule /Users/fuhl/fuhaoliang/egg/egg-example/node_modules/egg-logrotator/app/schedule/rotate_by_file.js
2020-12-28 16:32:18,333 INFO 97786 [egg-schedule]: register schedule /Users/fuhl/fuhaoliang/egg/egg-example/node_modules/egg-multipart/app/schedule/clean_tmpdir.js
2020-12-28 16:32:18,333 INFO 97786 [egg-schedule]: register schedule /Users/fuhl/fuhaoliang/egg/egg-example/node_modules/egg-logrotator/app/schedule/clean_log.js
2020-12-28 16:32:18,333 INFO 97786 [egg-schedule]: register schedule /Users/fuhl/fuhaoliang/egg/egg-example/node_modules/egg-logrotator/app/schedule/rotate_by_file.js
2020-12-28 16:34:50,097 INFO 98017 [egg-schedule]: register schedule /Users/fuhl/fuhaoliang/egg/egg-example/node_modules/egg-multipart/app/schedule/clean_tmpdir.js
2020-12-28 16:34:50,097 INFO 98017 [egg-schedule]: register schedule /Users/fuhl/fuhaoliang/egg/egg-example/node_modules/egg-logrotator/app/schedule/clean_log.js
2020-12-28 16:34:50,097 INFO 98017 [egg-schedule]: register schedule /Users/fuhl/fuhaoliang/egg/egg-example/node_modules/egg-logrotator/app/schedule/rotate_by_file.js
2020-12-28 16:34:51,763 INFO 98019 [egg-schedule]: register schedule /Users/fuhl/fuhaoliang/egg/egg-example/node_modules/egg-multipart/app/schedule/clean_tmpdir.js
2020-12-28 16:34:51,763 INFO 98019 [egg-schedule]: register schedule /Users/fuhl/fuhaoliang/egg/egg-example/node_modules/egg-logrotator/app/schedule/clean_log.js
2020-12-28 16:34:51,763 INFO 98019 [egg-schedule]: register schedule /Users/fuhl/fuhaoliang/egg/egg-example/node_modules/egg-logrotator/app/schedule/rotate_by_file.js
2020-12-28 16:35:14,498 INFO 98048 [Timer] /Users/fuhl/fuhaoliang/egg/egg-example/node_modules/egg-multipart/app/schedule/clean_tmpdir.js next time will execute after 42885504ms at 2020-12-29 04:30:00.002
2020-12-28 16:35:14,498 INFO 98048 [Timer] /Users/fuhl/fuhaoliang/egg/egg-example/node_modules/egg-logrotator/app/schedule/clean_log.js next time will execute after 26685502ms at 2020-12-29 00:00:00.000
2020-12-28 16:35:14,499 INFO 98048 [Timer] /Users/fuhl/fuhaoliang/egg/egg-example/node_modules/egg-logrotator/app/schedule/rotate_by_file.js next time will execute after 26686502ms at 2020-12-29 00:00:01.001
2020-12-28 16:35:14,431 INFO 98049 [egg-schedule]: register schedule /Users/fuhl/fuhaoliang/egg/egg-example/node_modules/egg-multipart/app/schedule/clean_tmpdir.js
2020-12-28 16:35:14,431 INFO 98049 [egg-schedule]: register schedule /Users/fuhl/fuhaoliang/egg/egg-example/node_modules/egg-logrotator/app/schedule/clean_log.js
2020-12-28 16:35:14,431 INFO 98049 [egg-schedule]: register schedule /Users/fuhl/fuhaoliang/egg/egg-example/node_modules/egg-logrotator/app/schedule/rotate_by_file.js
2020-12-28 16:36:06,624 INFO 98110 [egg-schedule]: register schedule /Users/fuhl/fuhaoliang/egg/egg-example/node_modules/egg-multipart/app/schedule/clean_tmpdir.js
2020-12-28 16:36:06,624 INFO 98110 [egg-schedule]: register schedule /Users/fuhl/fuhaoliang/egg/egg-example/node_modules/egg-logrotator/app/schedule/clean_log.js
2020-12-28 16:36:06,624 INFO 98110 [egg-schedule]: register schedule /Users/fuhl/fuhaoliang/egg/egg-example/node_modules/egg-logrotator/app/schedule/rotate_by_file.js
2020-12-28 16:36:40,158 INFO 98160 [egg-schedule]: register schedule /Users/fuhl/fuhaoliang/egg/egg-example/node_modules/egg-multipart/app/schedule/clean_tmpdir.js
2020-12-28 16:36:40,158 INFO 98160 [egg-schedule]: register schedule /Users/fuhl/fuhaoliang/egg/egg-example/node_modules/egg-logrotator/app/schedule/clean_log.js
2020-12-28 16:36:40,158 INFO 98160 [egg-schedule]: register schedule /Users/fuhl/fuhaoliang/egg/egg-example/node_modules/egg-logrotator/app/schedule/rotate_by_file.js
2020-12-28 16:36:40,817 INFO 98161 [egg-schedule]: register schedule /Users/fuhl/fuhaoliang/egg/egg-example/node_modules/egg-multipart/app/schedule/clean_tmpdir.js
2020-12-28 16:36:40,817 INFO 98161 [egg-schedule]: register schedule /Users/fuhl/fuhaoliang/egg/egg-example/node_modules/egg-logrotator/app/schedule/clean_log.js
2020-12-28 16:36:40,817 INFO 98161 [egg-schedule]: register schedule /Users/fuhl/fuhaoliang/egg/egg-example/node_modules/egg-logrotator/app/schedule/rotate_by_file.js
2020-12-28 16:37:18,267 INFO 98194 [egg-schedule]: register schedule /Users/fuhl/fuhaoliang/egg/egg-example/node_modules/egg-multipart/app/schedule/clean_tmpdir.js
2020-12-28 16:37:18,267 INFO 98194 [egg-schedule]: register schedule /Users/fuhl/fuhaoliang/egg/egg-example/node_modules/egg-logrotator/app/schedule/clean_log.js
2020-12-28 16:37:18,267 INFO 98194 [egg-schedule]: register schedule /Users/fuhl/fuhaoliang/egg/egg-example/node_modules/egg-logrotator/app/schedule/rotate_by_file.js
2020-12-28 16:37:24,191 INFO 98209 [egg-schedule]: register schedule /Users/fuhl/fuhaoliang/egg/egg-example/node_modules/egg-multipart/app/schedule/clean_tmpdir.js
2020-12-28 16:37:24,191 INFO 98209 [egg-schedule]: register schedule /Users/fuhl/fuhaoliang/egg/egg-example/node_modules/egg-logrotator/app/schedule/clean_log.js
2020-12-28 16:37:24,191 INFO 98209 [egg-schedule]: register schedule /Users/fuhl/fuhaoliang/egg/egg-example/node_modules/egg-logrotator/app/schedule/rotate_by_file.js
2020-12-28 16:37:25,092 INFO 98210 [egg-schedule]: register schedule /Users/fuhl/fuhaoliang/egg/egg-example/node_modules/egg-multipart/app/schedule/clean_tmpdir.js
2020-12-28 16:37:25,092 INFO 98210 [egg-schedule]: register schedule /Users/fuhl/fuhaoliang/egg/egg-example/node_modules/egg-logrotator/app/schedule/clean_log.js
2020-12-28 16:37:25,092 INFO 98210 [egg-schedule]: register schedule /Users/fuhl/fuhaoliang/egg/egg-example/node_modules/egg-logrotator/app/schedule/rotate_by_file.js
2020-12-28 16:37:38,595 INFO 98236 [Timer] /Users/fuhl/fuhaoliang/egg/egg-example/node_modules/egg-multipart/app/schedule/clean_tmpdir.js next time will execute after 42741407ms at 2020-12-29 04:30:00.002
2020-12-28 16:37:38,595 INFO 98236 [Timer] /Users/fuhl/fuhaoliang/egg/egg-example/node_modules/egg-logrotator/app/schedule/clean_log.js next time will execute after 26541405ms at 2020-12-29 00:00:00.000
2020-12-28 16:37:38,595 INFO 98236 [Timer] /Users/fuhl/fuhaoliang/egg/egg-example/node_modules/egg-logrotator/app/schedule/rotate_by_file.js next time will execute after 26542405ms at 2020-12-29 00:00:01.000
2020-12-28 16:37:38,528 INFO 98237 [egg-schedule]: register schedule /Users/fuhl/fuhaoliang/egg/egg-example/node_modules/egg-multipart/app/schedule/clean_tmpdir.js
2020-12-28 16:37:38,528 INFO 98237 [egg-schedule]: register schedule /Users/fuhl/fuhaoliang/egg/egg-example/node_modules/egg-logrotator/app/schedule/clean_log.js
2020-12-28 16:37:38,528 INFO 98237 [egg-schedule]: register schedule /Users/fuhl/fuhaoliang/egg/egg-example/node_modules/egg-logrotator/app/schedule/rotate_by_file.js
2020-12-28 16:39:27,720 INFO 98288 [egg-schedule]: register schedule /Users/fuhl/fuhaoliang/egg/egg-example/node_modules/egg-multipart/app/schedule/clean_tmpdir.js
2020-12-28 16:39:27,720 INFO 98288 [egg-schedule]: register schedule /Users/fuhl/fuhaoliang/egg/egg-example/node_modules/egg-logrotator/app/schedule/clean_log.js
2020-12-28 16:39:27,720 INFO 98288 [egg-schedule]: register schedule /Users/fuhl/fuhaoliang/egg/egg-example/node_modules/egg-logrotator/app/schedule/rotate_by_file.js
2020-12-28 16:40:11,701 INFO 98348 [egg-schedule]: register schedule /Users/fuhl/fuhaoliang/egg/egg-example/node_modules/egg-multipart/app/schedule/clean_tmpdir.js
2020-12-28 16:40:11,701 INFO 98348 [egg-schedule]: register schedule /Users/fuhl/fuhaoliang/egg/egg-example/node_modules/egg-logrotator/app/schedule/clean_log.js
2020-12-28 16:40:11,701 INFO 98348 [egg-schedule]: register schedule /Users/fuhl/fuhaoliang/egg/egg-example/node_modules/egg-logrotator/app/schedule/rotate_by_file.js
2020-12-28 16:40:12,488 INFO 98349 [egg-schedule]: register schedule /Users/fuhl/fuhaoliang/egg/egg-example/node_modules/egg-multipart/app/schedule/clean_tmpdir.js
2020-12-28 16:40:12,488 INFO 98349 [egg-schedule]: register schedule /Users/fuhl/fuhaoliang/egg/egg-example/node_modules/egg-logrotator/app/schedule/clean_log.js
2020-12-28 16:40:12,488 INFO 98349 [egg-schedule]: register schedule /Users/fuhl/fuhaoliang/egg/egg-example/node_modules/egg-logrotator/app/schedule/rotate_by_file.js
2020-12-28 16:40:20,627 INFO 98376 [Timer] /Users/fuhl/fuhaoliang/egg/egg-example/node_modules/egg-multipart/app/schedule/clean_tmpdir.js next time will execute after 42579375ms at 2020-12-29 04:30:00.002
2020-12-28 16:40:20,627 INFO 98376 [Timer] /Users/fuhl/fuhaoliang/egg/egg-example/node_modules/egg-logrotator/app/schedule/clean_log.js next time will execute after 26379373ms at 2020-12-29 00:00:00.000
2020-12-28 16:40:20,627 INFO 98376 [Timer] /Users/fuhl/fuhaoliang/egg/egg-example/node_modules/egg-logrotator/app/schedule/rotate_by_file.js next time will execute after 26380373ms at 2020-12-29 00:00:01.000
2020-12-28 16:40:20,550 INFO 98377 [egg-schedule]: register schedule /Users/fuhl/fuhaoliang/egg/egg-example/node_modules/egg-multipart/app/schedule/clean_tmpdir.js
2020-12-28 16:40:20,550 INFO 98377 [egg-schedule]: register schedule /Users/fuhl/fuhaoliang/egg/egg-example/node_modules/egg-logrotator/app/schedule/clean_log.js
2020-12-28 16:40:20,550 INFO 98377 [egg-schedule]: register schedule /Users/fuhl/fuhaoliang/egg/egg-example/node_modules/egg-logrotator/app/schedule/rotate_by_file.js
2020-12-28 16:40:52,051 INFO 98403 [egg-schedule]: register schedule /Users/fuhl/fuhaoliang/egg/egg-example/node_modules/egg-multipart/app/schedule/clean_tmpdir.js
2020-12-28 16:40:52,051 INFO 98403 [egg-schedule]: register schedule /Users/fuhl/fuhaoliang/egg/egg-example/node_modules/egg-logrotator/app/schedule/clean_log.js
2020-12-28 16:40:52,051 INFO 98403 [egg-schedule]: register schedule /Users/fuhl/fuhaoliang/egg/egg-example/node_modules/egg-logrotator/app/schedule/rotate_by_file.js
